<?xml version="1.0" encoding="UTF-8"?>
<testsuite name="com.abdev.dao.UserDaoTest" tests="1" skipped="0" failures="0" errors="0" timestamp="2022-07-06T22:46:23" hostname="DESKTOP-L2SUHQG" time="0.234">
  <properties/>
  <testcase name="findAveragePaymentAmountByFirstAndLastNames()" classname="com.abdev.dao.UserDaoTest" time="0.234"/>
  <system-out><![CDATA[[15:46:16,410] INFO [org.testcontainers.utility.ImageNameSubstitutor: 55] Image name substitution will be performed by: DefaultImageNameSubstitutor (composite of 'ConfigurationFileImageNameSubstitutor' and 'PrefixingImageNameSubstitutor')
[15:46:16,436] INFO [org.testcontainers.dockerclient.DockerClientProviderStrategy: 363] Loaded org.testcontainers.dockerclient.NpipeSocketClientProviderStrategy from ~/.testcontainers.properties, will try it first
[15:46:16,950] INFO [org.testcontainers.dockerclient.DockerClientProviderStrategy: 273] Found Docker environment with local Npipe socket (npipe:////./pipe/docker_engine)
[15:46:16,952] INFO [org.testcontainers.DockerClientFactory: 183] Docker host IP address is localhost
[15:46:16,974] INFO [org.testcontainers.DockerClientFactory: 190] Connected to docker: 
  Server Version: 20.10.17
  API Version: 1.41
  Operating System: Docker Desktop
  Total Memory: 7916 MB
[15:46:17,004] INFO [docker[testcontainers/ryuk:0.3.3]: 376] Creating container for image: testcontainers/ryuk:0.3.3
[15:46:17,621] INFO [docker[testcontainers/ryuk:0.3.3]: 440] Container testcontainers/ryuk:0.3.3 is starting: 98cc2559f8696fb18feade1588c2bcb692163dba93fdc7db4266e688393ac875
[15:46:18,318] INFO [docker[testcontainers/ryuk:0.3.3]: 520] Container testcontainers/ryuk:0.3.3 started in PT1.3291726S
[15:46:18,325] INFO [org.testcontainers.utility.RyukResourceReaper: 43] Ryuk started - will monitor and terminate Testcontainers containers on JVM exit
[15:46:18,326] INFO [org.testcontainers.DockerClientFactory: 220] Checking the system...
[15:46:18,327] INFO [org.testcontainers.DockerClientFactory: 241] ?? Docker server version should be at least 1.6.0
[15:46:18,327] INFO [docker[postgres:13]: 376] Creating container for image: postgres:13
[15:46:18,381] INFO [docker[postgres:13]: 440] Container postgres:13 is starting: a8c985b2bb4e41e20aebc48601152a6b43c9be41cd245f3ce963a91bf8e148f8
[15:46:20,842] INFO [docker[postgres:13]: 520] Container postgres:13 started in PT2.5143125S
[15:46:20,926] INFO [org.hibernate.Version: 44] HHH000412: Hibernate ORM core version 5.6.9.Final
[15:46:21,155] INFO [Hibernate Types: 298] This framework is proudly powered by:

>>>>>>>>>>>>>>>>>>>>>>>>>>>>>>>>>>>>>>>>>>>>>>>>>>>>>>>>>>>>>>>>
 _    _                           _     _
| |  | |                         (_)   | |
| |__| |_   _ _ __   ___ _ __ ___ _ ___| |_ ___ _ __   ___ ___
|  __  | | | | '_ \ / _ \ '__/ __| / __| __/ _ \ '_ \ / __/ _ \
| |  | | |_| | |_) |  __/ |  \__ \ \__ \ ||  __/ | | | (_|  __/
|_|  |_|\__, | .__/ \___|_|  |___/_|___/\__\___|_| |_|\___\___|
         __/ | |
        |___/|_|

At Hypersistence, we only build amazing tools, like Hibernate Types, Flexy Pool, or Hypersistence Optimizer.

What if there were a tool that could automatically detect JPA and Hibernate performance issues?

Hypersistence Optimizer is that tool! For more details, go to: 

https://vladmihalcea.com/hypersistence-optimizer/
<<<<<<<<<<<<<<<<<<<<<<<<<<<<<<<<<<<<<<<<<<<<<<<<<<<<<<<<<<<<<<<<

[15:46:21,658] INFO [org.hibernate.annotations.common.Version: 56] HCANN000001: Hibernate Commons Annotations {5.1.2.Final}
[15:46:21,761] WARN [org.hibernate.orm.connections.pooling: 75] HHH10001002: Using Hibernate built-in connection pool (not for production use!)
[15:46:21,765] INFO [org.hibernate.orm.connections.pooling: 119] HHH10001005: using driver [org.postgresql.Driver] at URL [jdbc:postgresql://localhost:51972/test?loggerLevel=OFF]
[15:46:21,766] INFO [org.hibernate.orm.connections.pooling: 128] HHH10001001: Connection properties: {password=****, user=test}
[15:46:21,766] INFO [org.hibernate.orm.connections.pooling: 132] HHH10001003: Autocommit mode: false
[15:46:21,770] INFO [org.hibernate.engine.jdbc.connections.internal.DriverManagerConnectionProviderImpl: 322] HHH000115: Hibernate connection pool size: 20 (min=1)
[15:46:21,865] INFO [org.hibernate.dialect.Dialect: 175] HHH000400: Using dialect: org.hibernate.dialect.PostgreSQL10Dialect
Hibernate: 
    
    alter table if exists company_locale 
       drop constraint if exists FKqutt2770bj65hl7m184e5rhgt
[15:46:22,638] INFO [org.hibernate.orm.connections.access: 48] HHH10001501: Connection obtained from JdbcConnectionAccess [org.hibernate.engine.jdbc.env.internal.JdbcEnvironmentInitiator$ConnectionProviderJdbcConnectionAccess@5ddd84d2] for (non-JTA) DDL execution was not in auto-commit mode; the Connection 'local transaction' will be committed and the Connection will be set into auto-commit mode.
[15:46:22,642] WARN [org.hibernate.engine.jdbc.spi.SqlExceptionHelper: 230] SQL Warning Code: 0, SQLState: 00000
[15:46:22,642] WARN [org.hibernate.engine.jdbc.spi.SqlExceptionHelper: 231] relation "company_locale" does not exist, skipping
Hibernate: 
    
    alter table if exists payment 
       drop constraint if exists FKb2u6muqxjvdfbib5u91afawcy
[15:46:22,644] WARN [org.hibernate.engine.jdbc.spi.SqlExceptionHelper: 230] SQL Warning Code: 0, SQLState: 00000
[15:46:22,645] WARN [org.hibernate.engine.jdbc.spi.SqlExceptionHelper: 231] relation "payment" does not exist, skipping
Hibernate: 
    
    alter table if exists profile 
       drop constraint if exists FKs14jvsf9tqrcnly0afsv0ngwv
[15:46:22,647] WARN [org.hibernate.engine.jdbc.spi.SqlExceptionHelper: 230] SQL Warning Code: 0, SQLState: 00000
[15:46:22,647] WARN [org.hibernate.engine.jdbc.spi.SqlExceptionHelper: 231] relation "profile" does not exist, skipping
Hibernate: 
    
    alter table if exists users 
       drop constraint if exists FKbwv4uspmyi7xqjwcrgxow361t
[15:46:22,649] WARN [org.hibernate.engine.jdbc.spi.SqlExceptionHelper: 230] SQL Warning Code: 0, SQLState: 00000
[15:46:22,649] WARN [org.hibernate.engine.jdbc.spi.SqlExceptionHelper: 231] relation "users" does not exist, skipping
Hibernate: 
    
    alter table if exists users_chat 
       drop constraint if exists FKsqcmgoiby6k7d66sx1nxb5835
[15:46:22,652] WARN [org.hibernate.engine.jdbc.spi.SqlExceptionHelper: 230] SQL Warning Code: 0, SQLState: 00000
[15:46:22,652] WARN [org.hibernate.engine.jdbc.spi.SqlExceptionHelper: 231] relation "users_chat" does not exist, skipping
Hibernate: 
    
    alter table if exists users_chat 
       drop constraint if exists FK4n5ew9rhowx26b46nwirrcfdi
[15:46:22,655] WARN [org.hibernate.engine.jdbc.spi.SqlExceptionHelper: 230] SQL Warning Code: 0, SQLState: 00000
[15:46:22,655] WARN [org.hibernate.engine.jdbc.spi.SqlExceptionHelper: 231] relation "users_chat" does not exist, skipping
Hibernate: 
    
    drop table if exists chat cascade
[15:46:22,660] WARN [org.hibernate.engine.jdbc.spi.SqlExceptionHelper: 230] SQL Warning Code: 0, SQLState: 00000
[15:46:22,660] WARN [org.hibernate.engine.jdbc.spi.SqlExceptionHelper: 231] table "chat" does not exist, skipping
Hibernate: 
    
    drop table if exists company cascade
[15:46:22,663] WARN [org.hibernate.engine.jdbc.spi.SqlExceptionHelper: 230] SQL Warning Code: 0, SQLState: 00000
[15:46:22,664] WARN [org.hibernate.engine.jdbc.spi.SqlExceptionHelper: 231] table "company" does not exist, skipping
Hibernate: 
    
    drop table if exists company_locale cascade
[15:46:22,667] WARN [org.hibernate.engine.jdbc.spi.SqlExceptionHelper: 230] SQL Warning Code: 0, SQLState: 00000
[15:46:22,667] WARN [org.hibernate.engine.jdbc.spi.SqlExceptionHelper: 231] table "company_locale" does not exist, skipping
Hibernate: 
    
    drop table if exists payment cascade
[15:46:22,670] WARN [org.hibernate.engine.jdbc.spi.SqlExceptionHelper: 230] SQL Warning Code: 0, SQLState: 00000
[15:46:22,670] WARN [org.hibernate.engine.jdbc.spi.SqlExceptionHelper: 231] table "payment" does not exist, skipping
Hibernate: 
    
    drop table if exists profile cascade
[15:46:22,679] WARN [org.hibernate.engine.jdbc.spi.SqlExceptionHelper: 230] SQL Warning Code: 0, SQLState: 00000
[15:46:22,680] WARN [org.hibernate.engine.jdbc.spi.SqlExceptionHelper: 231] table "profile" does not exist, skipping
Hibernate: 
    
    drop table if exists users cascade
[15:46:22,682] WARN [org.hibernate.engine.jdbc.spi.SqlExceptionHelper: 230] SQL Warning Code: 0, SQLState: 00000
[15:46:22,682] WARN [org.hibernate.engine.jdbc.spi.SqlExceptionHelper: 231] table "users" does not exist, skipping
Hibernate: 
    
    drop table if exists users_chat cascade
[15:46:22,686] WARN [org.hibernate.engine.jdbc.spi.SqlExceptionHelper: 230] SQL Warning Code: 0, SQLState: 00000
[15:46:22,686] WARN [org.hibernate.engine.jdbc.spi.SqlExceptionHelper: 231] table "users_chat" does not exist, skipping
Hibernate: 
    
    create table chat (
       id int8 generated by default as identity,
        name varchar(255) not null,
        primary key (id)
    )
[15:46:22,692] INFO [org.hibernate.orm.connections.access: 48] HHH10001501: Connection obtained from JdbcConnectionAccess [org.hibernate.engine.jdbc.env.internal.JdbcEnvironmentInitiator$ConnectionProviderJdbcConnectionAccess@4ec0229c] for (non-JTA) DDL execution was not in auto-commit mode; the Connection 'local transaction' will be committed and the Connection will be set into auto-commit mode.
Hibernate: 
    
    create table company (
       id int4 generated by default as identity,
        name varchar(255),
        primary key (id)
    )
Hibernate: 
    
    create table company_locale (
       company_id int4 not null,
        description varchar(255),
        language varchar(255)
    )
Hibernate: 
    
    create table payment (
       id int8 generated by default as identity,
        amount int4 not null,
        receiver_id int8 not null,
        primary key (id)
    )
Hibernate: 
    
    create table profile (
       id int8 generated by default as identity,
        language varchar(255),
        street varchar(255),
        user_id int8,
        primary key (id)
    )
Hibernate: 
    
    create table users (
       id int8 generated by default as identity,
        info uuid,
        birthdate date,
        firstname varchar(255),
        lastname varchar(255),
        role varchar(255),
        username varchar(255),
        company_id int4,
        primary key (id)
    )
Hibernate: 
    
    create table users_chat (
       id int8 generated by default as identity,
        created_at timestamp,
        created_by varchar(255),
        chat_id int8,
        user_id int8,
        primary key (id)
    )
Hibernate: 
    
    alter table if exists chat 
       add constraint UK_dk0m5eenxaf7wywks6mj0381x unique (name)
Hibernate: 
    
    alter table if exists users 
       add constraint UK_r43af9ap4edm43mmtq01oddj6 unique (username)
Hibernate: 
    
    alter table if exists company_locale 
       add constraint FKqutt2770bj65hl7m184e5rhgt 
       foreign key (company_id) 
       references company
Hibernate: 
    
    alter table if exists payment 
       add constraint FKb2u6muqxjvdfbib5u91afawcy 
       foreign key (receiver_id) 
       references users
Hibernate: 
    
    alter table if exists profile 
       add constraint FKs14jvsf9tqrcnly0afsv0ngwv 
       foreign key (user_id) 
       references users
Hibernate: 
    
    alter table if exists users 
       add constraint FKbwv4uspmyi7xqjwcrgxow361t 
       foreign key (company_id) 
       references company
Hibernate: 
    
    alter table if exists users_chat 
       add constraint FKsqcmgoiby6k7d66sx1nxb5835 
       foreign key (chat_id) 
       references chat
Hibernate: 
    
    alter table if exists users_chat 
       add constraint FK4n5ew9rhowx26b46nwirrcfdi 
       foreign key (user_id) 
       references users
[15:46:22,839] INFO [org.hibernate.engine.transaction.jta.platform.internal.JtaPlatformInitiator: 52] HHH000490: Using JtaPlatform implementation: [org.hibernate.engine.transaction.jta.platform.internal.NoJtaPlatform]
Hibernate: 
    insert 
    into
        company
        (name) 
    values
        (?)
Hibernate: 
    insert 
    into
        company
        (name) 
    values
        (?)
Hibernate: 
    insert 
    into
        company
        (name) 
    values
        (?)
Hibernate: 
    insert 
    into
        users
        (company_id, info, birthdate, firstname, lastname, role, username) 
    values
        (?, ?, ?, ?, ?, ?, ?)
Hibernate: 
    insert 
    into
        users
        (company_id, info, birthdate, firstname, lastname, role, username) 
    values
        (?, ?, ?, ?, ?, ?, ?)
Hibernate: 
    insert 
    into
        users
        (company_id, info, birthdate, firstname, lastname, role, username) 
    values
        (?, ?, ?, ?, ?, ?, ?)
Hibernate: 
    insert 
    into
        users
        (company_id, info, birthdate, firstname, lastname, role, username) 
    values
        (?, ?, ?, ?, ?, ?, ?)
Hibernate: 
    insert 
    into
        users
        (company_id, info, birthdate, firstname, lastname, role, username) 
    values
        (?, ?, ?, ?, ?, ?, ?)
Hibernate: 
    insert 
    into
        payment
        (amount, receiver_id) 
    values
        (?, ?)
Hibernate: 
    insert 
    into
        payment
        (amount, receiver_id) 
    values
        (?, ?)
Hibernate: 
    insert 
    into
        payment
        (amount, receiver_id) 
    values
        (?, ?)
Hibernate: 
    insert 
    into
        payment
        (amount, receiver_id) 
    values
        (?, ?)
Hibernate: 
    insert 
    into
        payment
        (amount, receiver_id) 
    values
        (?, ?)
Hibernate: 
    insert 
    into
        payment
        (amount, receiver_id) 
    values
        (?, ?)
Hibernate: 
    insert 
    into
        payment
        (amount, receiver_id) 
    values
        (?, ?)
Hibernate: 
    insert 
    into
        payment
        (amount, receiver_id) 
    values
        (?, ?)
Hibernate: 
    insert 
    into
        payment
        (amount, receiver_id) 
    values
        (?, ?)
Hibernate: 
    insert 
    into
        payment
        (amount, receiver_id) 
    values
        (?, ?)
Hibernate: 
    insert 
    into
        payment
        (amount, receiver_id) 
    values
        (?, ?)
Hibernate: 
    insert 
    into
        payment
        (amount, receiver_id) 
    values
        (?, ?)
Hibernate: 
    insert 
    into
        payment
        (amount, receiver_id) 
    values
        (?, ?)
Hibernate: 
    insert 
    into
        payment
        (amount, receiver_id) 
    values
        (?, ?)
Hibernate: 
    select
        avg(payment0_.amount) as col_0_0_ 
    from
        payment payment0_ 
    inner join
        users user1_ 
            on payment0_.receiver_id=user1_.id 
    where
        user1_.firstname=? 
        and user1_.lastname=? limit ?
[15:46:23,299] INFO [org.hibernate.orm.connections.pooling: 550] HHH10001008: Cleaning up connection pool [jdbc:postgresql://localhost:51972/test?loggerLevel=OFF]
]]></system-out>
  <system-err><![CDATA[]]></system-err>
</testsuite>
