<?xml version="1.0" encoding="UTF-8"?>
<testsuite name="com.abdev.dao.UserDaoTest" tests="1" skipped="0" failures="0" errors="0" timestamp="2022-07-04T05:13:08" hostname="DESKTOP-L2SUHQG" time="0.176">
  <properties/>
  <testcase name="findAllPaymentsByCompanyName()" classname="com.abdev.dao.UserDaoTest" time="0.176"/>
  <system-out><![CDATA[[22:13:04,045] INFO [org.testcontainers.utility.ImageNameSubstitutor: 55] Image name substitution will be performed by: DefaultImageNameSubstitutor (composite of 'ConfigurationFileImageNameSubstitutor' and 'PrefixingImageNameSubstitutor')
[22:13:04,060] INFO [org.testcontainers.dockerclient.DockerClientProviderStrategy: 363] Loaded org.testcontainers.dockerclient.NpipeSocketClientProviderStrategy from ~/.testcontainers.properties, will try it first
[22:13:04,471] INFO [org.testcontainers.dockerclient.DockerClientProviderStrategy: 273] Found Docker environment with local Npipe socket (npipe:////./pipe/docker_engine)
[22:13:04,472] INFO [org.testcontainers.DockerClientFactory: 183] Docker host IP address is localhost
[22:13:04,489] INFO [org.testcontainers.DockerClientFactory: 190] Connected to docker: 
  Server Version: 20.10.17
  API Version: 1.41
  Operating System: Docker Desktop
  Total Memory: 7916 MB
[22:13:04,511] INFO [docker[testcontainers/ryuk:0.3.3]: 376] Creating container for image: testcontainers/ryuk:0.3.3
[22:13:04,811] INFO [docker[testcontainers/ryuk:0.3.3]: 440] Container testcontainers/ryuk:0.3.3 is starting: c7939de8f439b0e83b5a4d75e50cc880750401c7d471de262689683a9a934472
[22:13:05,468] INFO [docker[testcontainers/ryuk:0.3.3]: 520] Container testcontainers/ryuk:0.3.3 started in PT0.9697197S
[22:13:05,475] INFO [org.testcontainers.utility.RyukResourceReaper: 43] Ryuk started - will monitor and terminate Testcontainers containers on JVM exit
[22:13:05,475] INFO [org.testcontainers.DockerClientFactory: 220] Checking the system...
[22:13:05,476] INFO [org.testcontainers.DockerClientFactory: 241] ?? Docker server version should be at least 1.6.0
[22:13:05,476] INFO [docker[postgres:13]: 376] Creating container for image: postgres:13
[22:13:05,510] INFO [docker[postgres:13]: 440] Container postgres:13 is starting: 326219a4dd0573fe3f354c94d7ddb9f7e186dd8dce0856dd4ca4800a311456e8
[22:13:07,039] INFO [docker[postgres:13]: 520] Container postgres:13 started in PT1.5629699S
[22:13:07,080] INFO [org.hibernate.Version: 44] HHH000412: Hibernate ORM core version 5.6.9.Final
[22:13:07,241] INFO [Hibernate Types: 298] This framework is proudly powered by:

>>>>>>>>>>>>>>>>>>>>>>>>>>>>>>>>>>>>>>>>>>>>>>>>>>>>>>>>>>>>>>>>
 _    _                           _     _
| |  | |                         (_)   | |
| |__| |_   _ _ __   ___ _ __ ___ _ ___| |_ ___ _ __   ___ ___
|  __  | | | | '_ \ / _ \ '__/ __| / __| __/ _ \ '_ \ / __/ _ \
| |  | | |_| | |_) |  __/ |  \__ \ \__ \ ||  __/ | | | (_|  __/
|_|  |_|\__, | .__/ \___|_|  |___/_|___/\__\___|_| |_|\___\___|
         __/ | |
        |___/|_|

At Hypersistence, we only build amazing tools, like Hibernate Types, Flexy Pool, or Hypersistence Optimizer.

What if there were a tool that could automatically detect JPA and Hibernate performance issues?

Hypersistence Optimizer is that tool! For more details, go to: 

https://vladmihalcea.com/hypersistence-optimizer/
<<<<<<<<<<<<<<<<<<<<<<<<<<<<<<<<<<<<<<<<<<<<<<<<<<<<<<<<<<<<<<<<

[22:13:07,570] INFO [org.hibernate.annotations.common.Version: 56] HCANN000001: Hibernate Commons Annotations {5.1.2.Final}
[22:13:07,646] WARN [org.hibernate.orm.connections.pooling: 75] HHH10001002: Using Hibernate built-in connection pool (not for production use!)
[22:13:07,649] INFO [org.hibernate.orm.connections.pooling: 119] HHH10001005: using driver [org.postgresql.Driver] at URL [jdbc:postgresql://localhost:55929/test?loggerLevel=OFF]
[22:13:07,650] INFO [org.hibernate.orm.connections.pooling: 128] HHH10001001: Connection properties: {password=****, user=test}
[22:13:07,650] INFO [org.hibernate.orm.connections.pooling: 132] HHH10001003: Autocommit mode: false
[22:13:07,653] INFO [org.hibernate.engine.jdbc.connections.internal.DriverManagerConnectionProviderImpl: 322] HHH000115: Hibernate connection pool size: 20 (min=1)
[22:13:07,727] INFO [org.hibernate.dialect.Dialect: 175] HHH000400: Using dialect: org.hibernate.dialect.PostgreSQL10Dialect
Hibernate: 
    
    alter table if exists company_locale 
       drop constraint if exists FKqutt2770bj65hl7m184e5rhgt
[22:13:08,382] INFO [org.hibernate.orm.connections.access: 48] HHH10001501: Connection obtained from JdbcConnectionAccess [org.hibernate.engine.jdbc.env.internal.JdbcEnvironmentInitiator$ConnectionProviderJdbcConnectionAccess@628b503a] for (non-JTA) DDL execution was not in auto-commit mode; the Connection 'local transaction' will be committed and the Connection will be set into auto-commit mode.
[22:13:08,385] WARN [org.hibernate.engine.jdbc.spi.SqlExceptionHelper: 230] SQL Warning Code: 0, SQLState: 00000
[22:13:08,385] WARN [org.hibernate.engine.jdbc.spi.SqlExceptionHelper: 231] relation "company_locale" does not exist, skipping
Hibernate: 
    
    alter table if exists payment 
       drop constraint if exists FKb2u6muqxjvdfbib5u91afawcy
[22:13:08,388] WARN [org.hibernate.engine.jdbc.spi.SqlExceptionHelper: 230] SQL Warning Code: 0, SQLState: 00000
[22:13:08,388] WARN [org.hibernate.engine.jdbc.spi.SqlExceptionHelper: 231] relation "payment" does not exist, skipping
Hibernate: 
    
    alter table if exists profile 
       drop constraint if exists FKs14jvsf9tqrcnly0afsv0ngwv
[22:13:08,390] WARN [org.hibernate.engine.jdbc.spi.SqlExceptionHelper: 230] SQL Warning Code: 0, SQLState: 00000
[22:13:08,390] WARN [org.hibernate.engine.jdbc.spi.SqlExceptionHelper: 231] relation "profile" does not exist, skipping
Hibernate: 
    
    alter table if exists users 
       drop constraint if exists FKbwv4uspmyi7xqjwcrgxow361t
[22:13:08,392] WARN [org.hibernate.engine.jdbc.spi.SqlExceptionHelper: 230] SQL Warning Code: 0, SQLState: 00000
[22:13:08,392] WARN [org.hibernate.engine.jdbc.spi.SqlExceptionHelper: 231] relation "users" does not exist, skipping
Hibernate: 
    
    alter table if exists users_chat 
       drop constraint if exists FKsqcmgoiby6k7d66sx1nxb5835
[22:13:08,394] WARN [org.hibernate.engine.jdbc.spi.SqlExceptionHelper: 230] SQL Warning Code: 0, SQLState: 00000
[22:13:08,394] WARN [org.hibernate.engine.jdbc.spi.SqlExceptionHelper: 231] relation "users_chat" does not exist, skipping
Hibernate: 
    
    alter table if exists users_chat 
       drop constraint if exists FK4n5ew9rhowx26b46nwirrcfdi
[22:13:08,396] WARN [org.hibernate.engine.jdbc.spi.SqlExceptionHelper: 230] SQL Warning Code: 0, SQLState: 00000
[22:13:08,396] WARN [org.hibernate.engine.jdbc.spi.SqlExceptionHelper: 231] relation "users_chat" does not exist, skipping
Hibernate: 
    
    drop table if exists chat cascade
[22:13:08,398] WARN [org.hibernate.engine.jdbc.spi.SqlExceptionHelper: 230] SQL Warning Code: 0, SQLState: 00000
[22:13:08,398] WARN [org.hibernate.engine.jdbc.spi.SqlExceptionHelper: 231] table "chat" does not exist, skipping
Hibernate: 
    
    drop table if exists company cascade
[22:13:08,399] WARN [org.hibernate.engine.jdbc.spi.SqlExceptionHelper: 230] SQL Warning Code: 0, SQLState: 00000
[22:13:08,400] WARN [org.hibernate.engine.jdbc.spi.SqlExceptionHelper: 231] table "company" does not exist, skipping
Hibernate: 
    
    drop table if exists company_locale cascade
[22:13:08,401] WARN [org.hibernate.engine.jdbc.spi.SqlExceptionHelper: 230] SQL Warning Code: 0, SQLState: 00000
[22:13:08,402] WARN [org.hibernate.engine.jdbc.spi.SqlExceptionHelper: 231] table "company_locale" does not exist, skipping
Hibernate: 
    
    drop table if exists payment cascade
[22:13:08,404] WARN [org.hibernate.engine.jdbc.spi.SqlExceptionHelper: 230] SQL Warning Code: 0, SQLState: 00000
[22:13:08,404] WARN [org.hibernate.engine.jdbc.spi.SqlExceptionHelper: 231] table "payment" does not exist, skipping
Hibernate: 
    
    drop table if exists profile cascade
[22:13:08,406] WARN [org.hibernate.engine.jdbc.spi.SqlExceptionHelper: 230] SQL Warning Code: 0, SQLState: 00000
[22:13:08,406] WARN [org.hibernate.engine.jdbc.spi.SqlExceptionHelper: 231] table "profile" does not exist, skipping
Hibernate: 
    
    drop table if exists users cascade
[22:13:08,407] WARN [org.hibernate.engine.jdbc.spi.SqlExceptionHelper: 230] SQL Warning Code: 0, SQLState: 00000
[22:13:08,407] WARN [org.hibernate.engine.jdbc.spi.SqlExceptionHelper: 231] table "users" does not exist, skipping
Hibernate: 
    
    drop table if exists users_chat cascade
[22:13:08,409] WARN [org.hibernate.engine.jdbc.spi.SqlExceptionHelper: 230] SQL Warning Code: 0, SQLState: 00000
[22:13:08,409] WARN [org.hibernate.engine.jdbc.spi.SqlExceptionHelper: 231] table "users_chat" does not exist, skipping
Hibernate: 
    
    create table chat (
       id int8 generated by default as identity,
        name varchar(255) not null,
        primary key (id)
    )
[22:13:08,413] INFO [org.hibernate.orm.connections.access: 48] HHH10001501: Connection obtained from JdbcConnectionAccess [org.hibernate.engine.jdbc.env.internal.JdbcEnvironmentInitiator$ConnectionProviderJdbcConnectionAccess@226e07e7] for (non-JTA) DDL execution was not in auto-commit mode; the Connection 'local transaction' will be committed and the Connection will be set into auto-commit mode.
Hibernate: 
    
    create table company (
       id int4 generated by default as identity,
        name varchar(255),
        primary key (id)
    )
Hibernate: 
    
    create table company_locale (
       company_id int4 not null,
        description varchar(255),
        language varchar(255)
    )
Hibernate: 
    
    create table payment (
       id int8 generated by default as identity,
        amount int4 not null,
        receiver_id int8 not null,
        primary key (id)
    )
Hibernate: 
    
    create table profile (
       id int8 generated by default as identity,
        language varchar(255),
        street varchar(255),
        user_id int8,
        primary key (id)
    )
Hibernate: 
    
    create table users (
       id int8 generated by default as identity,
        info uuid,
        birthdate date,
        firstname varchar(255),
        lastname varchar(255),
        role varchar(255),
        username varchar(255),
        company_id int4,
        primary key (id)
    )
Hibernate: 
    
    create table users_chat (
       id int8 generated by default as identity,
        created_at timestamp,
        created_by varchar(255),
        chat_id int8,
        user_id int8,
        primary key (id)
    )
Hibernate: 
    
    alter table if exists chat 
       add constraint UK_dk0m5eenxaf7wywks6mj0381x unique (name)
Hibernate: 
    
    alter table if exists users 
       add constraint UK_r43af9ap4edm43mmtq01oddj6 unique (username)
Hibernate: 
    
    alter table if exists company_locale 
       add constraint FKqutt2770bj65hl7m184e5rhgt 
       foreign key (company_id) 
       references company
Hibernate: 
    
    alter table if exists payment 
       add constraint FKb2u6muqxjvdfbib5u91afawcy 
       foreign key (receiver_id) 
       references users
Hibernate: 
    
    alter table if exists profile 
       add constraint FKs14jvsf9tqrcnly0afsv0ngwv 
       foreign key (user_id) 
       references users
Hibernate: 
    
    alter table if exists users 
       add constraint FKbwv4uspmyi7xqjwcrgxow361t 
       foreign key (company_id) 
       references company
Hibernate: 
    
    alter table if exists users_chat 
       add constraint FKsqcmgoiby6k7d66sx1nxb5835 
       foreign key (chat_id) 
       references chat
Hibernate: 
    
    alter table if exists users_chat 
       add constraint FK4n5ew9rhowx26b46nwirrcfdi 
       foreign key (user_id) 
       references users
[22:13:08,457] INFO [org.hibernate.engine.transaction.jta.platform.internal.JtaPlatformInitiator: 52] HHH000490: Using JtaPlatform implementation: [org.hibernate.engine.transaction.jta.platform.internal.NoJtaPlatform]
Hibernate: 
    insert 
    into
        company
        (name) 
    values
        (?)
Hibernate: 
    insert 
    into
        company
        (name) 
    values
        (?)
Hibernate: 
    insert 
    into
        company
        (name) 
    values
        (?)
Hibernate: 
    insert 
    into
        users
        (company_id, info, birthdate, firstname, lastname, role, username) 
    values
        (?, ?, ?, ?, ?, ?, ?)
Hibernate: 
    insert 
    into
        users
        (company_id, info, birthdate, firstname, lastname, role, username) 
    values
        (?, ?, ?, ?, ?, ?, ?)
Hibernate: 
    insert 
    into
        users
        (company_id, info, birthdate, firstname, lastname, role, username) 
    values
        (?, ?, ?, ?, ?, ?, ?)
Hibernate: 
    insert 
    into
        users
        (company_id, info, birthdate, firstname, lastname, role, username) 
    values
        (?, ?, ?, ?, ?, ?, ?)
Hibernate: 
    insert 
    into
        users
        (company_id, info, birthdate, firstname, lastname, role, username) 
    values
        (?, ?, ?, ?, ?, ?, ?)
Hibernate: 
    insert 
    into
        payment
        (amount, receiver_id) 
    values
        (?, ?)
Hibernate: 
    insert 
    into
        payment
        (amount, receiver_id) 
    values
        (?, ?)
Hibernate: 
    insert 
    into
        payment
        (amount, receiver_id) 
    values
        (?, ?)
Hibernate: 
    insert 
    into
        payment
        (amount, receiver_id) 
    values
        (?, ?)
Hibernate: 
    insert 
    into
        payment
        (amount, receiver_id) 
    values
        (?, ?)
Hibernate: 
    insert 
    into
        payment
        (amount, receiver_id) 
    values
        (?, ?)
Hibernate: 
    insert 
    into
        payment
        (amount, receiver_id) 
    values
        (?, ?)
Hibernate: 
    insert 
    into
        payment
        (amount, receiver_id) 
    values
        (?, ?)
Hibernate: 
    insert 
    into
        payment
        (amount, receiver_id) 
    values
        (?, ?)
Hibernate: 
    insert 
    into
        payment
        (amount, receiver_id) 
    values
        (?, ?)
Hibernate: 
    insert 
    into
        payment
        (amount, receiver_id) 
    values
        (?, ?)
Hibernate: 
    insert 
    into
        payment
        (amount, receiver_id) 
    values
        (?, ?)
Hibernate: 
    insert 
    into
        payment
        (amount, receiver_id) 
    values
        (?, ?)
Hibernate: 
    insert 
    into
        payment
        (amount, receiver_id) 
    values
        (?, ?)
Hibernate: 
    select
        payment0_.id as id1_3_,
        payment0_.amount as amount2_3_,
        payment0_.receiver_id as receiver3_3_ 
    from
        payment payment0_ 
    inner join
        users user1_ 
            on payment0_.receiver_id=user1_.id 
    inner join
        company company2_ 
            on user1_.company_id=company2_.id 
    where
        company2_.name=? 
    order by
        user1_.firstname asc,
        payment0_.amount asc
Hibernate: 
    select
        user0_.id as id1_5_0_,
        user0_.company_id as company_8_5_0_,
        user0_.info as info2_5_0_,
        user0_.birthdate as birthdat3_5_0_,
        user0_.firstname as firstnam4_5_0_,
        user0_.lastname as lastname5_5_0_,
        user0_.role as role6_5_0_,
        user0_.username as username7_5_0_ 
    from
        users user0_ 
    where
        user0_.id=?
Hibernate: 
    select
        profile0_.id as id1_4_0_,
        profile0_.language as language2_4_0_,
        profile0_.street as street3_4_0_,
        profile0_.user_id as user_id4_4_0_ 
    from
        profile profile0_ 
    where
        profile0_.user_id=?
Hibernate: 
    select
        user0_.id as id1_5_0_,
        user0_.company_id as company_8_5_0_,
        user0_.info as info2_5_0_,
        user0_.birthdate as birthdat3_5_0_,
        user0_.firstname as firstnam4_5_0_,
        user0_.lastname as lastname5_5_0_,
        user0_.role as role6_5_0_,
        user0_.username as username7_5_0_ 
    from
        users user0_ 
    where
        user0_.id=?
Hibernate: 
    select
        profile0_.id as id1_4_0_,
        profile0_.language as language2_4_0_,
        profile0_.street as street3_4_0_,
        profile0_.user_id as user_id4_4_0_ 
    from
        profile profile0_ 
    where
        profile0_.user_id=?
[22:13:08,782] INFO [org.hibernate.orm.connections.pooling: 550] HHH10001008: Cleaning up connection pool [jdbc:postgresql://localhost:55929/test?loggerLevel=OFF]
]]></system-out>
  <system-err><![CDATA[]]></system-err>
</testsuite>
